0 info it worked if it ends with ok
1 verbose cli [ 'C:\\Program Files\\nodejs\\node.exe',
1 verbose cli   'C:\\Program Files\\nodejs\\node_modules\\npm\\bin\\npm-cli.js',
1 verbose cli   'start' ]
2 info using npm@4.0.5
3 info using node@v4.5.0
4 warn invalid config registry="http:twtpetmg01.delta.corp:8080"
5 warn invalid config Must be a full url with 'http://'
6 verbose run-script [ 'prestart', 'start', 'poststart' ]
7 info lifecycle cpm@0.0.0~prestart: cpm@0.0.0
8 silly lifecycle cpm@0.0.0~prestart: no script for prestart, continuing
9 info lifecycle cpm@0.0.0~start: cpm@0.0.0
10 verbose lifecycle cpm@0.0.0~start: unsafe-perm in lifecycle true
11 verbose lifecycle cpm@0.0.0~start: PATH: C:\Program Files\nodejs\node_modules\npm\bin\node-gyp-bin;C:\Users\v.fengfeng.liang\Desktop\websockket\client\node_modules\.bin;C:\Program Files (x86)\Common Files\NetSarang;C:\Windows\system32;C:\Windows;C:\Windows\System32\Wbem;C:\Windows\System32\WindowsPowerShell\v1.0\;E:\ibm-java-sdk-70-win-x86_64\sdk\bin;E:\ibm-java-sdk-70-win-x86_64\sdk\jre\bin;E:\adb;C:\Program Files\nodejs\;C:\Users\v.fengfeng.liang\AppData\Roaming\npm
12 verbose lifecycle cpm@0.0.0~start: CWD: C:\Users\v.fengfeng.liang\Desktop\websockket\client
13 silly lifecycle cpm@0.0.0~start: Args: [ '/d /s /c', 'node ./bin/www' ]
14 silly lifecycle cpm@0.0.0~start: Returned: code: 3221225786  signal: null
15 info lifecycle cpm@0.0.0~start: Failed to exec start script
16 verbose stack Error: cpm@0.0.0 start: `node ./bin/www`
16 verbose stack Exit status 3221225786
16 verbose stack     at EventEmitter.<anonymous> (C:\Program Files\nodejs\node_modules\npm\lib\utils\lifecycle.js:279:16)
16 verbose stack     at emitTwo (events.js:87:13)
16 verbose stack     at EventEmitter.emit (events.js:172:7)
16 verbose stack     at ChildProcess.<anonymous> (C:\Program Files\nodejs\node_modules\npm\lib\utils\spawn.js:40:14)
16 verbose stack     at emitTwo (events.js:87:13)
16 verbose stack     at ChildProcess.emit (events.js:172:7)
16 verbose stack     at maybeClose (internal/child_process.js:829:16)
16 verbose stack     at Process.ChildProcess._handle.onexit (internal/child_process.js:211:5)
17 verbose pkgid cpm@0.0.0
18 verbose cwd C:\Users\v.fengfeng.liang\Desktop\websockket\client
19 error Windows_NT 6.1.7601
20 error argv "C:\\Program Files\\nodejs\\node.exe" "C:\\Program Files\\nodejs\\node_modules\\npm\\bin\\npm-cli.js" "start"
21 error node v4.5.0
22 error npm  v4.0.5
23 error code ELIFECYCLE
24 error cpm@0.0.0 start: `node ./bin/www`
24 error Exit status 3221225786
25 error Failed at the cpm@0.0.0 start script 'node ./bin/www'.
25 error Make sure you have the latest version of node.js and npm installed.
25 error If you do, this is most likely a problem with the cpm package,
25 error not with npm itself.
25 error Tell the author that this fails on your system:
25 error     node ./bin/www
25 error You can get information on how to open an issue for this project with:
25 error     npm bugs cpm
25 error Or if that isn't available, you can get their info via:
25 error     npm owner ls cpm
25 error There is likely additional logging output above.
26 verbose exit [ 1, true ]
